\BOOKMARK [0][-]{chapter.1}{Getting Started}{}% 1
\BOOKMARK [1][-]{section.1.1}{What is an Arduino?}{chapter.1}% 2
\BOOKMARK [2][-]{subsection.1.1.1}{Uploading}{section.1.1}% 3
\BOOKMARK [2][-]{subsection.1.1.2}{The Blink Sketch}{section.1.1}% 4
\BOOKMARK [1][-]{section.1.2}{Digital Output}{chapter.1}% 5
\BOOKMARK [2][-]{subsection.1.2.1}{Pin as Source}{section.1.2}% 6
\BOOKMARK [2][-]{subsection.1.2.2}{Pin as Sink}{section.1.2}% 7
\BOOKMARK [2][-]{subsection.1.2.3}{Software}{section.1.2}% 8
\BOOKMARK [2][-]{subsection.1.2.4}{Hardware}{section.1.2}% 9
\BOOKMARK [1][-]{section.1.3}{Digital Input}{chapter.1}% 10
\BOOKMARK [2][-]{subsection.1.3.1}{Pull-up Resistor}{section.1.3}% 11
\BOOKMARK [2][-]{subsection.1.3.2}{Pull-down Resistor}{section.1.3}% 12
\BOOKMARK [2][-]{subsection.1.3.3}{Tristate Logic}{section.1.3}% 13
\BOOKMARK [2][-]{subsection.1.3.4}{Software}{section.1.3}% 14
\BOOKMARK [2][-]{subsection.1.3.5}{Internal Pulldown}{section.1.3}% 15
\BOOKMARK [2][-]{subsection.1.3.6}{Hardware}{section.1.3}% 16
\BOOKMARK [1][-]{section.1.4}{Analogue Output}{chapter.1}% 17
\BOOKMARK [2][-]{subsection.1.4.1}{Hardware}{section.1.4}% 18
\BOOKMARK [2][-]{subsection.1.4.2}{Pulse Width Modulation}{section.1.4}% 19
\BOOKMARK [2][-]{subsection.1.4.3}{Software}{section.1.4}% 20
\BOOKMARK [1][-]{section.1.5}{Analogue Input}{chapter.1}% 21
\BOOKMARK [2][-]{subsection.1.5.1}{Hardware}{section.1.5}% 22
\BOOKMARK [2][-]{subsection.1.5.2}{Software}{section.1.5}% 23
\BOOKMARK [0][-]{appendix.A}{All the Physics You Will Need}{}% 24
\BOOKMARK [0][-]{appendix.B}{Circuit Symbols}{}% 25
\BOOKMARK [0][-]{appendix.C}{Source Code}{}% 26
