This is pdfTeX, Version 3.14159265-2.6-1.40.15 (TeX Live 2015/dev/Debian) (preloaded format=pdflatex 2015.1.22)  24 FEB 2015 14:50
entering extended mode
 restricted \write18 enabled.
 %&-line parsing enabled.
**ArduinoGuide.tex
(./ArduinoGuide.tex
LaTeX2e <2014/05/01>
Babel <3.9l> and hyphenation patterns for 79 languages loaded.
(/usr/share/texlive/texmf-dist/tex/latex/base/report.cls
Document Class: report 2014/09/29 v1.4h Standard LaTeX document class
(/usr/share/texlive/texmf-dist/tex/latex/base/size11.clo
File: size11.clo 2014/09/29 v1.4h Standard LaTeX file (size option)
)
\c@part=\count79
\c@chapter=\count80
\c@section=\count81
\c@subsection=\count82
\c@subsubsection=\count83
\c@paragraph=\count84
\c@subparagraph=\count85
\c@figure=\count86
\c@table=\count87
\abovecaptionskip=\skip41
\belowcaptionskip=\skip42
\bibindent=\dimen102
)
(/usr/share/texlive/texmf-dist/tex/latex/base/inputenc.sty
Package: inputenc 2014/04/30 v1.2b Input encoding file
\inpenc@prehook=\toks14
\inpenc@posthook=\toks15

(/usr/share/texlive/texmf-dist/tex/latex/base/utf8.def
File: utf8.def 2014/09/29 v1.1m UTF-8 support for inputenc
Now handling font encoding OML ...
... no UTF-8 mapping file for font encoding OML
Now handling font encoding T1 ...
... processing UTF-8 mapping file for font encoding T1

(/usr/share/texlive/texmf-dist/tex/latex/base/t1enc.dfu
File: t1enc.dfu 2014/09/29 v1.1m UTF-8 support for inputenc
   defining Unicode char U+00A1 (decimal 161)
   defining Unicode char U+00A3 (decimal 163)
   defining Unicode char U+00AB (decimal 171)
   defining Unicode char U+00BB (decimal 187)
   defining Unicode char U+00BF (decimal 191)
   defining Unicode char U+00C0 (decimal 192)
   defining Unicode char U+00C1 (decimal 193)
   defining Unicode char U+00C2 (decimal 194)
   defining Unicode char U+00C3 (decimal 195)
   defining Unicode char U+00C4 (decimal 196)
   defining Unicode char U+00C5 (decimal 197)
   defining Unicode char U+00C6 (decimal 198)
   defining Unicode char U+00C7 (decimal 199)
   defining Unicode char U+00C8 (decimal 200)
   defining Unicode char U+00C9 (decimal 201)
   defining Unicode char U+00CA (decimal 202)
   defining Unicode char U+00CB (decimal 203)
   defining Unicode char U+00CC (decimal 204)
   defining Unicode char U+00CD (decimal 205)
   defining Unicode char U+00CE (decimal 206)
   defining Unicode char U+00CF (decimal 207)
   defining Unicode char U+00D0 (decimal 208)
   defining Unicode char U+00D1 (decimal 209)
   defining Unicode char U+00D2 (decimal 210)
   defining Unicode char U+00D3 (decimal 211)
   defining Unicode char U+00D4 (decimal 212)
   defining Unicode char U+00D5 (decimal 213)
   defining Unicode char U+00D6 (decimal 214)
   defining Unicode char U+00D8 (decimal 216)
   defining Unicode char U+00D9 (decimal 217)
   defining Unicode char U+00DA (decimal 218)
   defining Unicode char U+00DB (decimal 219)
   defining Unicode char U+00DC (decimal 220)
   defining Unicode char U+00DD (decimal 221)
   defining Unicode char U+00DE (decimal 222)
   defining Unicode char U+00DF (decimal 223)
   defining Unicode char U+00E0 (decimal 224)
   defining Unicode char U+00E1 (decimal 225)
   defining Unicode char U+00E2 (decimal 226)
   defining Unicode char U+00E3 (decimal 227)
   defining Unicode char U+00E4 (decimal 228)
   defining Unicode char U+00E5 (decimal 229)
   defining Unicode char U+00E6 (decimal 230)
   defining Unicode char U+00E7 (decimal 231)
   defining Unicode char U+00E8 (decimal 232)
   defining Unicode char U+00E9 (decimal 233)
   defining Unicode char U+00EA (decimal 234)
   defining Unicode char U+00EB (decimal 235)
   defining Unicode char U+00EC (decimal 236)
   defining Unicode char U+00ED (decimal 237)
   defining Unicode char U+00EE (decimal 238)
   defining Unicode char U+00EF (decimal 239)
   defining Unicode char U+00F0 (decimal 240)
   defining Unicode char U+00F1 (decimal 241)
   defining Unicode char U+00F2 (decimal 242)
   defining Unicode char U+00F3 (decimal 243)
   defining Unicode char U+00F4 (decimal 244)
   defining Unicode char U+00F5 (decimal 245)
   defining Unicode char U+00F6 (decimal 246)
   defining Unicode char U+00F8 (decimal 248)
   defining Unicode char U+00F9 (decimal 249)
   defining Unicode char U+00FA (decimal 250)
   defining Unicode char U+00FB (decimal 251)
   defining Unicode char U+00FC (decimal 252)
   defining Unicode char U+00FD (decimal 253)
   defining Unicode char U+00FE (decimal 254)
   defining Unicode char U+00FF (decimal 255)
   defining Unicode char U+0102 (decimal 258)
   defining Unicode char U+0103 (decimal 259)
   defining Unicode char U+0104 (decimal 260)
   defining Unicode char U+0105 (decimal 261)
   defining Unicode char U+0106 (decimal 262)
   defining Unicode char U+0107 (decimal 263)
   defining Unicode char U+010C (decimal 268)
   defining Unicode char U+010D (decimal 269)
   defining Unicode char U+010E (decimal 270)
   defining Unicode char U+010F (decimal 271)
   defining Unicode char U+0110 (decimal 272)
   defining Unicode char U+0111 (decimal 273)
   defining Unicode char U+0118 (decimal 280)
   defining Unicode char U+0119 (decimal 281)
   defining Unicode char U+011A (decimal 282)
   defining Unicode char U+011B (decimal 283)
   defining Unicode char U+011E (decimal 286)
   defining Unicode char U+011F (decimal 287)
   defining Unicode char U+0130 (decimal 304)
   defining Unicode char U+0131 (decimal 305)
   defining Unicode char U+0132 (decimal 306)
   defining Unicode char U+0133 (decimal 307)
   defining Unicode char U+0139 (decimal 313)
   defining Unicode char U+013A (decimal 314)
   defining Unicode char U+013D (decimal 317)
   defining Unicode char U+013E (decimal 318)
   defining Unicode char U+0141 (decimal 321)
   defining Unicode char U+0142 (decimal 322)
   defining Unicode char U+0143 (decimal 323)
   defining Unicode char U+0144 (decimal 324)
   defining Unicode char U+0147 (decimal 327)
   defining Unicode char U+0148 (decimal 328)
   defining Unicode char U+014A (decimal 330)
   defining Unicode char U+014B (decimal 331)
   defining Unicode char U+0150 (decimal 336)
   defining Unicode char U+0151 (decimal 337)
   defining Unicode char U+0152 (decimal 338)
   defining Unicode char U+0153 (decimal 339)
   defining Unicode char U+0154 (decimal 340)
   defining Unicode char U+0155 (decimal 341)
   defining Unicode char U+0158 (decimal 344)
   defining Unicode char U+0159 (decimal 345)
   defining Unicode char U+015A (decimal 346)
   defining Unicode char U+015B (decimal 347)
   defining Unicode char U+015E (decimal 350)
   defining Unicode char U+015F (decimal 351)
   defining Unicode char U+0160 (decimal 352)
   defining Unicode char U+0161 (decimal 353)
   defining Unicode char U+0162 (decimal 354)
   defining Unicode char U+0163 (decimal 355)
   defining Unicode char U+0164 (decimal 356)
   defining Unicode char U+0165 (decimal 357)
   defining Unicode char U+016E (decimal 366)
   defining Unicode char U+016F (decimal 367)
   defining Unicode char U+0170 (decimal 368)
   defining Unicode char U+0171 (decimal 369)
   defining Unicode char U+0178 (decimal 376)
   defining Unicode char U+0179 (decimal 377)
   defining Unicode char U+017A (decimal 378)
   defining Unicode char U+017B (decimal 379)
   defining Unicode char U+017C (decimal 380)
   defining Unicode char U+017D (decimal 381)
   defining Unicode char U+017E (decimal 382)
   defining Unicode char U+200C (decimal 8204)
   defining Unicode char U+2013 (decimal 8211)
   defining Unicode char U+2014 (decimal 8212)
   defining Unicode char U+2018 (decimal 8216)
   defining Unicode char U+2019 (decimal 8217)
   defining Unicode char U+201A (decimal 8218)
   defining Unicode char U+201C (decimal 8220)
   defining Unicode char U+201D (decimal 8221)
   defining Unicode char U+201E (decimal 8222)
   defining Unicode char U+2030 (decimal 8240)
   defining Unicode char U+2031 (decimal 8241)
   defining Unicode char U+2039 (decimal 8249)
   defining Unicode char U+203A (decimal 8250)
   defining Unicode char U+2423 (decimal 9251)
)
Now handling font encoding OT1 ...
... processing UTF-8 mapping file for font encoding OT1

(/usr/share/texlive/texmf-dist/tex/latex/base/ot1enc.dfu
File: ot1enc.dfu 2014/09/29 v1.1m UTF-8 support for inputenc
   defining Unicode char U+00A1 (decimal 161)
   defining Unicode char U+00A3 (decimal 163)
   defining Unicode char U+00B8 (decimal 184)
   defining Unicode char U+00BF (decimal 191)
   defining Unicode char U+00C5 (decimal 197)
   defining Unicode char U+00C6 (decimal 198)
   defining Unicode char U+00D8 (decimal 216)
   defining Unicode char U+00DF (decimal 223)
   defining Unicode char U+00E6 (decimal 230)
   defining Unicode char U+00EC (decimal 236)
   defining Unicode char U+00ED (decimal 237)
   defining Unicode char U+00EE (decimal 238)
   defining Unicode char U+00EF (decimal 239)
   defining Unicode char U+00F8 (decimal 248)
   defining Unicode char U+0131 (decimal 305)
   defining Unicode char U+0141 (decimal 321)
   defining Unicode char U+0142 (decimal 322)
   defining Unicode char U+0152 (decimal 338)
   defining Unicode char U+0153 (decimal 339)
   defining Unicode char U+2013 (decimal 8211)
   defining Unicode char U+2014 (decimal 8212)
   defining Unicode char U+2018 (decimal 8216)
   defining Unicode char U+2019 (decimal 8217)
   defining Unicode char U+201C (decimal 8220)
   defining Unicode char U+201D (decimal 8221)
)
Now handling font encoding OMS ...
... processing UTF-8 mapping file for font encoding OMS

(/usr/share/texlive/texmf-dist/tex/latex/base/omsenc.dfu
File: omsenc.dfu 2014/09/29 v1.1m UTF-8 support for inputenc
   defining Unicode char U+00A7 (decimal 167)
   defining Unicode char U+00B6 (decimal 182)
   defining Unicode char U+00B7 (decimal 183)
   defining Unicode char U+2020 (decimal 8224)
   defining Unicode char U+2021 (decimal 8225)
   defining Unicode char U+2022 (decimal 8226)
)
Now handling font encoding OMX ...
... no UTF-8 mapping file for font encoding OMX
Now handling font encoding U ...
... no UTF-8 mapping file for font encoding U
   defining Unicode char U+00A9 (decimal 169)
   defining Unicode char U+00AA (decimal 170)
   defining Unicode char U+00AE (decimal 174)
   defining Unicode char U+00BA (decimal 186)
   defining Unicode char U+02C6 (decimal 710)
   defining Unicode char U+02DC (decimal 732)
   defining Unicode char U+200C (decimal 8204)
   defining Unicode char U+2026 (decimal 8230)
   defining Unicode char U+2122 (decimal 8482)
   defining Unicode char U+2423 (decimal 9251)
))
(/usr/share/texlive/texmf-dist/tex/generic/babel/babel.sty
Package: babel 2014/09/25 3.9l The Babel package

(/usr/share/texlive/texmf-dist/tex/generic/babel-english/english.ldf
Language: english 2012/08/20 v3.3p English support from the babel system

(/usr/share/texlive/texmf-dist/tex/generic/babel/babel.def
File: babel.def 2014/09/25 3.9l Babel common definitions
\babel@savecnt=\count88
\U@D=\dimen103
)
\l@canadian = a dialect from \language\l@american 
\l@australian = a dialect from \language\l@british 
\l@newzealand = a dialect from \language\l@british 
))
(/usr/share/texlive/texmf-dist/tex/latex/amsmath/amsmath.sty
Package: amsmath 2013/01/14 v2.14 AMS math features
\@mathmargin=\skip43

For additional information on amsmath, use the `?' option.
(/usr/share/texlive/texmf-dist/tex/latex/amsmath/amstext.sty
Package: amstext 2000/06/29 v2.01

(/usr/share/texlive/texmf-dist/tex/latex/amsmath/amsgen.sty
File: amsgen.sty 1999/11/30 v2.0
\@emptytoks=\toks16
\ex@=\dimen104
))
(/usr/share/texlive/texmf-dist/tex/latex/amsmath/amsbsy.sty
Package: amsbsy 1999/11/29 v1.2d
\pmbraise@=\dimen105
)
(/usr/share/texlive/texmf-dist/tex/latex/amsmath/amsopn.sty
Package: amsopn 1999/12/14 v2.01 operator names
)
\inf@bad=\count89
LaTeX Info: Redefining \frac on input line 210.
\uproot@=\count90
\leftroot@=\count91
LaTeX Info: Redefining \overline on input line 306.
\classnum@=\count92
\DOTSCASE@=\count93
LaTeX Info: Redefining \ldots on input line 378.
LaTeX Info: Redefining \dots on input line 381.
LaTeX Info: Redefining \cdots on input line 466.
\Mathstrutbox@=\box26
\strutbox@=\box27
\big@size=\dimen106
LaTeX Font Info:    Redeclaring font encoding OML on input line 566.
LaTeX Font Info:    Redeclaring font encoding OMS on input line 567.
\macc@depth=\count94
\c@MaxMatrixCols=\count95
\dotsspace@=\muskip10
\c@parentequation=\count96
\dspbrk@lvl=\count97
\tag@help=\toks17
\row@=\count98
\column@=\count99
\maxfields@=\count100
\andhelp@=\toks18
\eqnshift@=\dimen107
\alignsep@=\dimen108
\tagshift@=\dimen109
\tagwidth@=\dimen110
\totwidth@=\dimen111
\lineht@=\dimen112
\@envbody=\toks19
\multlinegap=\skip44
\multlinetaggap=\skip45
\mathdisplay@stack=\toks20
LaTeX Info: Redefining \[ on input line 2665.
LaTeX Info: Redefining \] on input line 2666.
)
(/usr/share/texlive/texmf-dist/tex/latex/amsfonts/amsfonts.sty
Package: amsfonts 2013/01/14 v3.01 Basic AMSFonts support
\symAMSa=\mathgroup4
\symAMSb=\mathgroup5
LaTeX Font Info:    Overwriting math alphabet `\mathfrak' in version `bold'
(Font)                  U/euf/m/n --> U/euf/b/n on input line 106.
)
(/usr/share/texlive/texmf-dist/tex/latex/amsfonts/amssymb.sty
Package: amssymb 2013/01/14 v3.01 AMS font symbols
)
(/usr/share/texlive/texmf-dist/tex/latex/graphbox/graphbox.sty
Package: graphbox 2014/08/31 v1.0 extension for graphicx to adjust containing b
ox

(/usr/share/texlive/texmf-dist/tex/latex/graphics/graphicx.sty
Package: graphicx 2014/04/25 v1.0g Enhanced LaTeX Graphics (DPC,SPQR)

(/usr/share/texlive/texmf-dist/tex/latex/graphics/keyval.sty
Package: keyval 2014/05/08 v1.15 key=value parser (DPC)
\KV@toks@=\toks21
)
(/usr/share/texlive/texmf-dist/tex/latex/graphics/graphics.sty
Package: graphics 2009/02/05 v1.0o Standard LaTeX Graphics (DPC,SPQR)

(/usr/share/texlive/texmf-dist/tex/latex/graphics/trig.sty
Package: trig 1999/03/16 v1.09 sin cos tan (DPC)
)
(/usr/share/texlive/texmf-dist/tex/latex/latexconfig/graphics.cfg
File: graphics.cfg 2010/04/23 v1.9 graphics configuration of TeX Live
)
Package graphics Info: Driver file: pdftex.def on input line 91.

(/usr/share/texlive/texmf-dist/tex/latex/pdftex-def/pdftex.def
File: pdftex.def 2011/05/27 v0.06d Graphics/color for pdfTeX

(/usr/share/texlive/texmf-dist/tex/generic/oberdiek/infwarerr.sty
Package: infwarerr 2010/04/08 v1.3 Providing info/warning/error messages (HO)
)
(/usr/share/texlive/texmf-dist/tex/generic/oberdiek/ltxcmds.sty
Package: ltxcmds 2011/11/09 v1.22 LaTeX kernel commands for general use (HO)
)
\Gread@gobject=\count101
))
\Gin@req@height=\dimen113
\Gin@req@width=\dimen114
)
\Gin@box@box=\box28
\Gin@box@width=\skip46
\Gin@box@height=\skip47
\Gin@box@raise=\skip48
\Gin@box@hspace=\skip49
\Gin@box@bwidth=\skip50
\Gin@box@bheight=\skip51
)
(/usr/share/texlive/texmf-dist/tex/latex/graphics/color.sty
Package: color 2014/04/23 v1.1a Standard LaTeX Color (DPC)

(/usr/share/texlive/texmf-dist/tex/latex/latexconfig/color.cfg
File: color.cfg 2007/01/18 v1.5 color configuration of teTeX/TeXLive
)
Package color Info: Driver file: pdftex.def on input line 137.
)
(/usr/share/texlive/texmf-dist/tex/latex/listings/listings.sty
\lst@mode=\count102
\lst@gtempboxa=\box29
\lst@token=\toks22
\lst@length=\count103
\lst@currlwidth=\dimen115
\lst@column=\count104
\lst@pos=\count105
\lst@lostspace=\dimen116
\lst@width=\dimen117
\lst@newlines=\count106
\lst@lineno=\count107
\lst@maxwidth=\dimen118

(/usr/share/texlive/texmf-dist/tex/latex/listings/lstmisc.sty
File: lstmisc.sty 2014/09/06 1.5e (Carsten Heinz)
\c@lstnumber=\count108
\lst@skipnumbers=\count109
\lst@framebox=\box30
)
(/usr/share/texlive/texmf-dist/tex/latex/listings/listings.cfg
File: listings.cfg 2014/09/06 1.5e listings configuration
))
Package: listings 2014/09/06 1.5e (Carsten Heinz)

(/usr/share/texlive/texmf-dist/tex/latex/hyperref/hyperref.sty
Package: hyperref 2012/11/06 v6.83m Hypertext links for LaTeX

(/usr/share/texlive/texmf-dist/tex/generic/oberdiek/hobsub-hyperref.sty
Package: hobsub-hyperref 2012/05/28 v1.13 Bundle oberdiek, subset hyperref (HO)


(/usr/share/texlive/texmf-dist/tex/generic/oberdiek/hobsub-generic.sty
Package: hobsub-generic 2012/05/28 v1.13 Bundle oberdiek, subset generic (HO)
Package: hobsub 2012/05/28 v1.13 Construct package bundles (HO)
Package hobsub Info: Skipping package `infwarerr' (already loaded).
Package hobsub Info: Skipping package `ltxcmds' (already loaded).
Package: ifluatex 2010/03/01 v1.3 Provides the ifluatex switch (HO)
Package ifluatex Info: LuaTeX not detected.
Package: ifvtex 2010/03/01 v1.5 Detect VTeX and its facilities (HO)
Package ifvtex Info: VTeX not detected.
Package: intcalc 2007/09/27 v1.1 Expandable calculations with integers (HO)
Package: ifpdf 2011/01/30 v2.3 Provides the ifpdf switch (HO)
Package ifpdf Info: pdfTeX in PDF mode is detected.
Package: etexcmds 2011/02/16 v1.5 Avoid name clashes with e-TeX commands (HO)
Package etexcmds Info: Could not find \expanded.
(etexcmds)             That can mean that you are not using pdfTeX 1.50 or
(etexcmds)             that some package has redefined \expanded.
(etexcmds)             In the latter case, load this package earlier.
Package: kvsetkeys 2012/04/25 v1.16 Key value parser (HO)
Package: kvdefinekeys 2011/04/07 v1.3 Define keys (HO)
Package: pdftexcmds 2011/11/29 v0.20 Utility functions of pdfTeX for LuaTeX (HO
)
Package pdftexcmds Info: LuaTeX not detected.
Package pdftexcmds Info: \pdf@primitive is available.
Package pdftexcmds Info: \pdf@ifprimitive is available.
Package pdftexcmds Info: \pdfdraftmode found.
Package: pdfescape 2011/11/25 v1.13 Implements pdfTeX's escape features (HO)
Package: bigintcalc 2012/04/08 v1.3 Expandable calculations on big integers (HO
)
Package: bitset 2011/01/30 v1.1 Handle bit-vector datatype (HO)
Package: uniquecounter 2011/01/30 v1.2 Provide unlimited unique counter (HO)
)
Package hobsub Info: Skipping package `hobsub' (already loaded).
Package: letltxmacro 2010/09/02 v1.4 Let assignment for LaTeX macros (HO)
Package: hopatch 2012/05/28 v1.2 Wrapper for package hooks (HO)
Package: xcolor-patch 2011/01/30 xcolor patch
Package: atveryend 2011/06/30 v1.8 Hooks at the very end of document (HO)
Package atveryend Info: \enddocument detected (standard20110627).
Package: atbegshi 2011/10/05 v1.16 At begin shipout hook (HO)
Package: refcount 2011/10/16 v3.4 Data extraction from label references (HO)
Package: hycolor 2011/01/30 v1.7 Color options for hyperref/bookmark (HO)
)
(/usr/share/texlive/texmf-dist/tex/generic/ifxetex/ifxetex.sty
Package: ifxetex 2010/09/12 v0.6 Provides ifxetex conditional
)
(/usr/share/texlive/texmf-dist/tex/latex/oberdiek/auxhook.sty
Package: auxhook 2011/03/04 v1.3 Hooks for auxiliary files (HO)
)
(/usr/share/texlive/texmf-dist/tex/latex/oberdiek/kvoptions.sty
Package: kvoptions 2011/06/30 v3.11 Key value format for package options (HO)
)
\@linkdim=\dimen119
\Hy@linkcounter=\count110
\Hy@pagecounter=\count111

(/usr/share/texlive/texmf-dist/tex/latex/hyperref/pd1enc.def
File: pd1enc.def 2012/11/06 v6.83m Hyperref: PDFDocEncoding definition (HO)
Now handling font encoding PD1 ...
... no UTF-8 mapping file for font encoding PD1
)
\Hy@SavedSpaceFactor=\count112

(/usr/share/texlive/texmf-dist/tex/latex/latexconfig/hyperref.cfg
File: hyperref.cfg 2002/06/06 v1.2 hyperref configuration of TeXLive
)
Package hyperref Info: Hyper figures OFF on input line 4443.
Package hyperref Info: Link nesting OFF on input line 4448.
Package hyperref Info: Hyper index ON on input line 4451.
Package hyperref Info: Plain pages OFF on input line 4458.
Package hyperref Info: Backreferencing OFF on input line 4463.
Package hyperref Info: Implicit mode ON; LaTeX internals redefined.
Package hyperref Info: Bookmarks ON on input line 4688.
\c@Hy@tempcnt=\count113

(/usr/share/texlive/texmf-dist/tex/latex/url/url.sty
\Urlmuskip=\muskip11
Package: url 2013/09/16  ver 3.4  Verb mode for urls, etc.
)
LaTeX Info: Redefining \url on input line 5041.
\XeTeXLinkMargin=\dimen120
\Fld@menulength=\count114
\Field@Width=\dimen121
\Fld@charsize=\dimen122
Package hyperref Info: Hyper figures OFF on input line 6295.
Package hyperref Info: Link nesting OFF on input line 6300.
Package hyperref Info: Hyper index ON on input line 6303.
Package hyperref Info: backreferencing OFF on input line 6310.
Package hyperref Info: Link coloring OFF on input line 6315.
Package hyperref Info: Link coloring with OCG OFF on input line 6320.
Package hyperref Info: PDF/A mode OFF on input line 6325.
LaTeX Info: Redefining \ref on input line 6365.
LaTeX Info: Redefining \pageref on input line 6369.
\Hy@abspage=\count115
\c@Item=\count116
\c@Hfootnote=\count117
)

Package hyperref Message: Driver (autodetected): hpdftex.

(/usr/share/texlive/texmf-dist/tex/latex/hyperref/hpdftex.def
File: hpdftex.def 2012/11/06 v6.83m Hyperref driver for pdfTeX
\Fld@listcount=\count118
\c@bookmark@seq@number=\count119

(/usr/share/texlive/texmf-dist/tex/latex/oberdiek/rerunfilecheck.sty
Package: rerunfilecheck 2011/04/15 v1.7 Rerun checks for auxiliary files (HO)
Package uniquecounter Info: New unique counter `rerunfilecheck' on input line 2
82.
)
\Hy@SectionHShift=\skip52
)

Package hyperref Warning: Option `pdftex' has already been used,
(hyperref)                setting the option has no effect on input line 11.

Package hyperref Info: Option `colorlinks' set `true' on input line 11.
(/usr/share/texlive/texmf-dist/tex/latex/oberdiek/hypcap.sty
Package: hypcap 2011/02/16 v1.11 Adjusting the anchors of captions (HO)
)
(/usr/share/texlive/texmf-dist/tex/latex/parskip/parskip.sty
Package: parskip 2001/04/09 non-zero parskip adjustments
)
(/usr/share/texlive/texmf-dist/tex/latex/caption/subcaption.sty
Package: subcaption 2013/02/03 v1.1-62 Sub-captions (AR)

(/usr/share/texlive/texmf-dist/tex/latex/caption/caption.sty
Package: caption 2013/05/02 v3.3-89 Customizing captions (AR)

(/usr/share/texlive/texmf-dist/tex/latex/caption/caption3.sty
Package: caption3 2013/05/02 v1.6-88 caption3 kernel (AR)
Package caption3 Info: TeX engine: e-TeX on input line 57.
\captionmargin=\dimen123
\captionmargin@=\dimen124
\captionwidth=\dimen125
\caption@tempdima=\dimen126
\caption@indent=\dimen127
\caption@parindent=\dimen128
\caption@hangindent=\dimen129
)
\c@ContinuedFloat=\count120
Package caption Info: hyperref package is loaded.
Package caption Info: hypcap package is loaded.
Package caption Info: listings package is loaded.
)
\c@subfigure=\count121
\c@subtable=\count122
)
(/usr/share/texlive/texmf-dist/tex/latex/wrapfig/wrapfig.sty
\wrapoverhang=\dimen130
\WF@size=\dimen131
\c@WF@wrappedlines=\count123
\WF@box=\box31
\WF@everypar=\toks23
Package: wrapfig 2003/01/31  v 3.6
)
(/usr/share/texlive/texmf-dist/tex/latex/geometry/geometry.sty
Package: geometry 2010/09/12 v5.6 Page Geometry
\Gm@cnth=\count124
\Gm@cntv=\count125
\c@Gm@tempcnt=\count126
\Gm@bindingoffset=\dimen132
\Gm@wd@mp=\dimen133
\Gm@odd@mp=\dimen134
\Gm@even@mp=\dimen135
\Gm@layoutwidth=\dimen136
\Gm@layoutheight=\dimen137
\Gm@layouthoffset=\dimen138
\Gm@layoutvoffset=\dimen139
\Gm@dimlist=\toks24
)
(/usr/share/texlive/texmf-dist/tex/latex/tools/verbatim.sty
Package: verbatim 2014/10/28 v1.5q LaTeX2e package for verbatim enhancements
\every@verbatim=\toks25
\verbatim@line=\toks26
\verbatim@in@stream=\read1
)
(/usr/share/texlive/texmf-dist/tex/latex/xcolor/xcolor.sty
Package: xcolor 2007/01/21 v2.11 LaTeX color extensions (UK)

(/usr/share/texlive/texmf-dist/tex/latex/latexconfig/color.cfg
File: color.cfg 2007/01/18 v1.5 color configuration of teTeX/TeXLive
)
Package xcolor Info: Driver file: pdftex.def on input line 225.
LaTeX Info: Redefining \color on input line 702.
Package xcolor Info: Model `cmy' substituted by `cmy0' on input line 1337.
Package xcolor Info: Model `hsb' substituted by `rgb' on input line 1341.
Package xcolor Info: Model `RGB' extended on input line 1353.
Package xcolor Info: Model `HTML' substituted by `rgb' on input line 1355.
Package xcolor Info: Model `Hsb' substituted by `hsb' on input line 1356.
Package xcolor Info: Model `tHsb' substituted by `hsb' on input line 1357.
Package xcolor Info: Model `HSB' substituted by `hsb' on input line 1358.
Package xcolor Info: Model `Gray' substituted by `gray' on input line 1359.
Package xcolor Info: Model `wave' substituted by `hsb' on input line 1360.
)
(/usr/share/texlive/texmf-dist/tex/latex/circuitikz/circuitikz.sty
Package: circuitikz 2012/12/29 The CircuiTikz circuit drawing package version 0
.3.0

(/usr/share/texlive/texmf-dist/tex/latex/pgf/frontendlayer/tikz.sty
(/usr/share/texlive/texmf-dist/tex/latex/pgf/basiclayer/pgf.sty
(/usr/share/texlive/texmf-dist/tex/latex/pgf/utilities/pgfrcs.sty
(/usr/share/texlive/texmf-dist/tex/generic/pgf/utilities/pgfutil-common.tex
\pgfutil@everybye=\toks27
\pgfutil@tempdima=\dimen140
\pgfutil@tempdimb=\dimen141

(/usr/share/texlive/texmf-dist/tex/generic/pgf/utilities/pgfutil-common-lists.t
ex)) (/usr/share/texlive/texmf-dist/tex/generic/pgf/utilities/pgfutil-latex.def
\pgfutil@abb=\box32
(/usr/share/texlive/texmf-dist/tex/latex/ms/everyshi.sty
Package: everyshi 2001/05/15 v3.00 EveryShipout Package (MS)
))
(/usr/share/texlive/texmf-dist/tex/generic/pgf/utilities/pgfrcs.code.tex
Package: pgfrcs 2013/12/20 v3.0.0 (rcs-revision 1.28)
))
Package: pgf 2013/12/18 v3.0.0 (rcs-revision 1.14)

(/usr/share/texlive/texmf-dist/tex/latex/pgf/basiclayer/pgfcore.sty
(/usr/share/texlive/texmf-dist/tex/latex/pgf/systemlayer/pgfsys.sty
(/usr/share/texlive/texmf-dist/tex/generic/pgf/systemlayer/pgfsys.code.tex
Package: pgfsys 2013/11/30 v3.0.0 (rcs-revision 1.47)

(/usr/share/texlive/texmf-dist/tex/generic/pgf/utilities/pgfkeys.code.tex
\pgfkeys@pathtoks=\toks28
\pgfkeys@temptoks=\toks29

(/usr/share/texlive/texmf-dist/tex/generic/pgf/utilities/pgfkeysfiltered.code.t
ex
\pgfkeys@tmptoks=\toks30
))
\pgf@x=\dimen142
\pgf@y=\dimen143
\pgf@xa=\dimen144
\pgf@ya=\dimen145
\pgf@xb=\dimen146
\pgf@yb=\dimen147
\pgf@xc=\dimen148
\pgf@yc=\dimen149
\w@pgf@writea=\write3
\r@pgf@reada=\read2
\c@pgf@counta=\count127
\c@pgf@countb=\count128
\c@pgf@countc=\count129
\c@pgf@countd=\count130
\t@pgf@toka=\toks31
\t@pgf@tokb=\toks32
\t@pgf@tokc=\toks33
 (/usr/share/texlive/texmf-dist/tex/generic/pgf/systemlayer/pgf.cfg
File: pgf.cfg 2008/05/14  (rcs-revision 1.7)
)
Driver file for pgf: pgfsys-pdftex.def

(/usr/share/texlive/texmf-dist/tex/generic/pgf/systemlayer/pgfsys-pdftex.def
File: pgfsys-pdftex.def 2013/07/18  (rcs-revision 1.33)

(/usr/share/texlive/texmf-dist/tex/generic/pgf/systemlayer/pgfsys-common-pdf.de
f
File: pgfsys-common-pdf.def 2013/10/10  (rcs-revision 1.13)
)))
(/usr/share/texlive/texmf-dist/tex/generic/pgf/systemlayer/pgfsyssoftpath.code.
tex
File: pgfsyssoftpath.code.tex 2013/09/09  (rcs-revision 1.9)
\pgfsyssoftpath@smallbuffer@items=\count131
\pgfsyssoftpath@bigbuffer@items=\count132
)
(/usr/share/texlive/texmf-dist/tex/generic/pgf/systemlayer/pgfsysprotocol.code.
tex
File: pgfsysprotocol.code.tex 2006/10/16  (rcs-revision 1.4)
))
(/usr/share/texlive/texmf-dist/tex/generic/pgf/basiclayer/pgfcore.code.tex
Package: pgfcore 2010/04/11 v3.0.0 (rcs-revision 1.7)

(/usr/share/texlive/texmf-dist/tex/generic/pgf/math/pgfmath.code.tex
(/usr/share/texlive/texmf-dist/tex/generic/pgf/math/pgfmathcalc.code.tex
(/usr/share/texlive/texmf-dist/tex/generic/pgf/math/pgfmathutil.code.tex)
(/usr/share/texlive/texmf-dist/tex/generic/pgf/math/pgfmathparser.code.tex
\pgfmath@dimen=\dimen150
\pgfmath@count=\count133
\pgfmath@box=\box33
\pgfmath@toks=\toks34
\pgfmath@stack@operand=\toks35
\pgfmath@stack@operation=\toks36
)
(/usr/share/texlive/texmf-dist/tex/generic/pgf/math/pgfmathfunctions.code.tex
(/usr/share/texlive/texmf-dist/tex/generic/pgf/math/pgfmathfunctions.basic.code
.tex)
(/usr/share/texlive/texmf-dist/tex/generic/pgf/math/pgfmathfunctions.trigonomet
ric.code.tex)
(/usr/share/texlive/texmf-dist/tex/generic/pgf/math/pgfmathfunctions.random.cod
e.tex)
(/usr/share/texlive/texmf-dist/tex/generic/pgf/math/pgfmathfunctions.comparison
.code.tex)
(/usr/share/texlive/texmf-dist/tex/generic/pgf/math/pgfmathfunctions.base.code.
tex)
(/usr/share/texlive/texmf-dist/tex/generic/pgf/math/pgfmathfunctions.round.code
.tex)
(/usr/share/texlive/texmf-dist/tex/generic/pgf/math/pgfmathfunctions.misc.code.
tex)
(/usr/share/texlive/texmf-dist/tex/generic/pgf/math/pgfmathfunctions.integerari
thmetics.code.tex)))
(/usr/share/texlive/texmf-dist/tex/generic/pgf/math/pgfmathfloat.code.tex
\c@pgfmathroundto@lastzeros=\count134
))
(/usr/share/texlive/texmf-dist/tex/generic/pgf/basiclayer/pgfcorepoints.code.te
x
File: pgfcorepoints.code.tex 2013/10/07  (rcs-revision 1.27)
\pgf@picminx=\dimen151
\pgf@picmaxx=\dimen152
\pgf@picminy=\dimen153
\pgf@picmaxy=\dimen154
\pgf@pathminx=\dimen155
\pgf@pathmaxx=\dimen156
\pgf@pathminy=\dimen157
\pgf@pathmaxy=\dimen158
\pgf@xx=\dimen159
\pgf@xy=\dimen160
\pgf@yx=\dimen161
\pgf@yy=\dimen162
\pgf@zx=\dimen163
\pgf@zy=\dimen164
)
(/usr/share/texlive/texmf-dist/tex/generic/pgf/basiclayer/pgfcorepathconstruct.
code.tex
File: pgfcorepathconstruct.code.tex 2013/10/07  (rcs-revision 1.29)
\pgf@path@lastx=\dimen165
\pgf@path@lasty=\dimen166
)
(/usr/share/texlive/texmf-dist/tex/generic/pgf/basiclayer/pgfcorepathusage.code
.tex
File: pgfcorepathusage.code.tex 2013/12/13  (rcs-revision 1.23)
\pgf@shorten@end@additional=\dimen167
\pgf@shorten@start@additional=\dimen168
)
(/usr/share/texlive/texmf-dist/tex/generic/pgf/basiclayer/pgfcorescopes.code.te
x
File: pgfcorescopes.code.tex 2013/10/09  (rcs-revision 1.44)
\pgfpic=\box34
\pgf@hbox=\box35
\pgf@layerbox@main=\box36
\pgf@picture@serial@count=\count135
)
(/usr/share/texlive/texmf-dist/tex/generic/pgf/basiclayer/pgfcoregraphicstate.c
ode.tex
File: pgfcoregraphicstate.code.tex 2013/09/19  (rcs-revision 1.11)
\pgflinewidth=\dimen169
)
(/usr/share/texlive/texmf-dist/tex/generic/pgf/basiclayer/pgfcoretransformation
s.code.tex
File: pgfcoretransformations.code.tex 2013/10/10  (rcs-revision 1.17)
\pgf@pt@x=\dimen170
\pgf@pt@y=\dimen171
\pgf@pt@temp=\dimen172
)
(/usr/share/texlive/texmf-dist/tex/generic/pgf/basiclayer/pgfcorequick.code.tex
File: pgfcorequick.code.tex 2008/10/09  (rcs-revision 1.3)
)
(/usr/share/texlive/texmf-dist/tex/generic/pgf/basiclayer/pgfcoreobjects.code.t
ex
File: pgfcoreobjects.code.tex 2006/10/11  (rcs-revision 1.2)
)
(/usr/share/texlive/texmf-dist/tex/generic/pgf/basiclayer/pgfcorepathprocessing
.code.tex
File: pgfcorepathprocessing.code.tex 2013/09/09  (rcs-revision 1.9)
)
(/usr/share/texlive/texmf-dist/tex/generic/pgf/basiclayer/pgfcorearrows.code.te
x
File: pgfcorearrows.code.tex 2013/11/07  (rcs-revision 1.40)
\pgfarrowsep=\dimen173
)
(/usr/share/texlive/texmf-dist/tex/generic/pgf/basiclayer/pgfcoreshade.code.tex
File: pgfcoreshade.code.tex 2013/07/15  (rcs-revision 1.15)
\pgf@max=\dimen174
\pgf@sys@shading@range@num=\count136
)
(/usr/share/texlive/texmf-dist/tex/generic/pgf/basiclayer/pgfcoreimage.code.tex
File: pgfcoreimage.code.tex 2013/07/15  (rcs-revision 1.18)

(/usr/share/texlive/texmf-dist/tex/generic/pgf/basiclayer/pgfcoreexternal.code.
tex
File: pgfcoreexternal.code.tex 2013/07/15  (rcs-revision 1.20)
\pgfexternal@startupbox=\box37
))
(/usr/share/texlive/texmf-dist/tex/generic/pgf/basiclayer/pgfcorelayers.code.te
x
File: pgfcorelayers.code.tex 2013/07/18  (rcs-revision 1.7)
)
(/usr/share/texlive/texmf-dist/tex/generic/pgf/basiclayer/pgfcoretransparency.c
ode.tex
File: pgfcoretransparency.code.tex 2013/09/30  (rcs-revision 1.5)
)
(/usr/share/texlive/texmf-dist/tex/generic/pgf/basiclayer/pgfcorepatterns.code.
tex
File: pgfcorepatterns.code.tex 2013/11/07  (rcs-revision 1.5)
)))
(/usr/share/texlive/texmf-dist/tex/generic/pgf/modules/pgfmoduleshapes.code.tex
File: pgfmoduleshapes.code.tex 2013/10/31  (rcs-revision 1.34)
\pgfnodeparttextbox=\box38
) (/usr/share/texlive/texmf-dist/tex/generic/pgf/modules/pgfmoduleplot.code.tex
File: pgfmoduleplot.code.tex 2013/07/31  (rcs-revision 1.12)
)
(/usr/share/texlive/texmf-dist/tex/latex/pgf/compatibility/pgfcomp-version-0-65
.sty
Package: pgfcomp-version-0-65 2007/07/03 v3.0.0 (rcs-revision 1.7)
\pgf@nodesepstart=\dimen175
\pgf@nodesepend=\dimen176
)
(/usr/share/texlive/texmf-dist/tex/latex/pgf/compatibility/pgfcomp-version-1-18
.sty
Package: pgfcomp-version-1-18 2007/07/23 v3.0.0 (rcs-revision 1.1)
)) (/usr/share/texlive/texmf-dist/tex/latex/pgf/utilities/pgffor.sty
(/usr/share/texlive/texmf-dist/tex/latex/pgf/utilities/pgfkeys.sty
(/usr/share/texlive/texmf-dist/tex/generic/pgf/utilities/pgfkeys.code.tex))
(/usr/share/texlive/texmf-dist/tex/latex/pgf/math/pgfmath.sty
(/usr/share/texlive/texmf-dist/tex/generic/pgf/math/pgfmath.code.tex))
(/usr/share/texlive/texmf-dist/tex/generic/pgf/utilities/pgffor.code.tex
Package: pgffor 2013/12/13 v3.0.0 (rcs-revision 1.25)

(/usr/share/texlive/texmf-dist/tex/generic/pgf/math/pgfmath.code.tex)
\pgffor@iter=\dimen177
\pgffor@skip=\dimen178
\pgffor@stack=\toks37
\pgffor@toks=\toks38
))
(/usr/share/texlive/texmf-dist/tex/generic/pgf/frontendlayer/tikz/tikz.code.tex
Package: tikz 2013/12/13 v3.0.0 (rcs-revision 1.142)

(/usr/share/texlive/texmf-dist/tex/generic/pgf/libraries/pgflibraryplothandlers
.code.tex
File: pgflibraryplothandlers.code.tex 2013/08/31 v3.0.0 (rcs-revision 1.20)
\pgf@plot@mark@count=\count137
\pgfplotmarksize=\dimen179
)
\tikz@lastx=\dimen180
\tikz@lasty=\dimen181
\tikz@lastxsaved=\dimen182
\tikz@lastysaved=\dimen183
\tikzleveldistance=\dimen184
\tikzsiblingdistance=\dimen185
\tikz@figbox=\box39
\tikz@figbox@bg=\box40
\tikz@tempbox=\box41
\tikz@tempbox@bg=\box42
\tikztreelevel=\count138
\tikznumberofchildren=\count139
\tikznumberofcurrentchild=\count140
\tikz@fig@count=\count141

(/usr/share/texlive/texmf-dist/tex/generic/pgf/modules/pgfmodulematrix.code.tex
File: pgfmodulematrix.code.tex 2013/09/17  (rcs-revision 1.8)
\pgfmatrixcurrentrow=\count142
\pgfmatrixcurrentcolumn=\count143
\pgf@matrix@numberofcolumns=\count144
)
\tikz@expandcount=\count145

(/usr/share/texlive/texmf-dist/tex/generic/pgf/frontendlayer/tikz/libraries/tik
zlibrarytopaths.code.tex
File: tikzlibrarytopaths.code.tex 2008/06/17 v3.0.0 (rcs-revision 1.2)
)))
(/usr/share/texlive/texmf-dist/tex/generic/pgf/frontendlayer/tikz/libraries/tik
zlibrarycalc.code.tex
File: tikzlibrarycalc.code.tex 2013/07/15 v3.0.0 (rcs-revision 1.9)
)
(/usr/share/texlive/texmf-dist/tex/generic/pgf/libraries/decorations/pgflibrary
decorations.pathmorphing.code.tex
(/usr/share/texlive/texmf-dist/tex/generic/pgf/modules/pgfmoduledecorations.cod
e.tex
\pgfdecoratedcompleteddistance=\dimen186
\pgfdecoratedremainingdistance=\dimen187
\pgfdecoratedinputsegmentcompleteddistance=\dimen188
\pgfdecoratedinputsegmentremainingdistance=\dimen189
\pgf@decorate@distancetomove=\dimen190
\pgf@decorate@repeatstate=\count146
\pgfdecorationsegmentamplitude=\dimen191
\pgfdecorationsegmentlength=\dimen192
))
(/usr/share/texlive/texmf-dist/tex/generic/pgf/libraries/pgflibraryarrows.code.
tex
File: pgflibraryarrows.code.tex 2013/09/23 v3.0.0 (rcs-revision 1.16)
\arrowsize=\dimen193
) (/usr/share/texlive/texmf-dist/tex/latex/circuitikz/circuitikz.code.tex
\pgf@circ@Rlen=\dimen194

(/usr/share/texlive/texmf-dist/tex/latex/circuitikz/pgfcircutils.sty)
(/usr/share/texlive/texmf-dist/tex/latex/circuitikz/pgfcircmath.sty)
(/usr/share/texlive/texmf-dist/tex/latex/circuitikz/pgfcircshapes.sty)
(/usr/share/texlive/texmf-dist/tex/latex/circuitikz/pgfcircmonopoles.sty)
(/usr/share/texlive/texmf-dist/tex/latex/circuitikz/pgfcircbipoles.sty)
(/usr/share/texlive/texmf-dist/tex/latex/circuitikz/pgfcirctripoles.sty)
(/usr/share/texlive/texmf-dist/tex/latex/circuitikz/pgfcircquadpoles.sty)
(/usr/share/texlive/texmf-dist/tex/latex/circuitikz/pgfcirclabel.sty)
(/usr/share/texlive/texmf-dist/tex/latex/circuitikz/pgfcircvoltage.sty)
(/usr/share/texlive/texmf-dist/tex/latex/circuitikz/pgfcirccurrent.sty))
(/usr/share/texlive/texmf-dist/tex/latex/circuitikz/circuitikz1.code.tex
\pgf@circ@res@up=\dimen195
\pgf@circ@res@down=\dimen196
\pgf@circ@res@zero=\dimen197
\pgf@circ@res@left=\dimen198
\pgf@circ@res@right=\dimen199
\pgf@circ@res@other=\dimen200
\pgf@circ@res@step=\dimen201
\pgfstartlinewidth=\dimen202
))
(/usr/share/texlive/texmf-dist/tex/latex/import/import.sty
Package: import 2009/03/23  v 5.1
) (./ArduinoGuide.aux)
\openout1 = `ArduinoGuide.aux'.

LaTeX Font Info:    Checking defaults for OML/cmm/m/it on input line 33.
LaTeX Font Info:    ... okay on input line 33.
LaTeX Font Info:    Checking defaults for T1/cmr/m/n on input line 33.
LaTeX Font Info:    ... okay on input line 33.
LaTeX Font Info:    Checking defaults for OT1/cmr/m/n on input line 33.
LaTeX Font Info:    ... okay on input line 33.
LaTeX Font Info:    Checking defaults for OMS/cmsy/m/n on input line 33.
LaTeX Font Info:    ... okay on input line 33.
LaTeX Font Info:    Checking defaults for OMX/cmex/m/n on input line 33.
LaTeX Font Info:    ... okay on input line 33.
LaTeX Font Info:    Checking defaults for U/cmr/m/n on input line 33.
LaTeX Font Info:    ... okay on input line 33.
LaTeX Font Info:    Checking defaults for PD1/pdf/m/n on input line 33.
LaTeX Font Info:    ... okay on input line 33.
 (/usr/share/texlive/texmf-dist/tex/context/base/supp-pdf.mkii
[Loading MPS to PDF converter (version 2006.09.02).]
\scratchcounter=\count147
\scratchdimen=\dimen203
\scratchbox=\box43
\nofMPsegments=\count148
\nofMParguments=\count149
\everyMPshowfont=\toks39
\MPscratchCnt=\count150
\MPscratchDim=\dimen204
\MPnumerator=\count151
\makeMPintoPDFobject=\count152
\everyMPtoPDFconversion=\toks40
) (/usr/share/texlive/texmf-dist/tex/latex/oberdiek/epstopdf-base.sty
Package: epstopdf-base 2010/02/09 v2.5 Base part for package epstopdf

(/usr/share/texlive/texmf-dist/tex/latex/oberdiek/grfext.sty
Package: grfext 2010/08/19 v1.1 Manage graphics extensions (HO)
)
Package grfext Info: Graphics extension search list:
(grfext)             [.png,.pdf,.jpg,.mps,.jpeg,.jbig2,.jb2,.PNG,.PDF,.JPG,.JPE
G,.JBIG2,.JB2,.eps]
(grfext)             \AppendGraphicsExtensions on input line 452.

(/usr/share/texlive/texmf-dist/tex/latex/latexconfig/epstopdf-sys.cfg
File: epstopdf-sys.cfg 2010/07/13 v1.3 Configuration of (r)epstopdf for TeX Liv
e
))
\c@lstlisting=\count153
\AtBeginShipoutBox=\box44
Package hyperref Info: Link coloring ON on input line 33.

(/usr/share/texlive/texmf-dist/tex/latex/hyperref/nameref.sty
Package: nameref 2012/10/27 v2.43 Cross-referencing by name of section

(/usr/share/texlive/texmf-dist/tex/generic/oberdiek/gettitlestring.sty
Package: gettitlestring 2010/12/03 v1.4 Cleanup title references (HO)
)
\c@section@level=\count154
)
LaTeX Info: Redefining \ref on input line 33.
LaTeX Info: Redefining \pageref on input line 33.
LaTeX Info: Redefining \nameref on input line 33.

(./ArduinoGuide.out) (./ArduinoGuide.out)
\@outlinefile=\write4
\openout4 = `ArduinoGuide.out'.

Package caption Info: Begin \AtBeginDocument code.
Package caption Info: wrapfig package is loaded.
Package caption Info: End \AtBeginDocument code.

*geometry* driver: auto-detecting
*geometry* detected driver: pdftex
*geometry* verbose mode - [ preamble ] result:
* driver: pdftex
* paper: a4paper
* layout: <same size as paper>
* layoutoffset:(h,v)=(0.0pt,0.0pt)
* modes: 
* h-part:(L,W,R)=(42.67912pt, 512.14963pt, 42.67912pt)
* v-part:(T,H,B)=(56.9055pt, 731.23584pt, 56.9055pt)
* \paperwidth=597.50787pt
* \paperheight=845.04684pt
* \textwidth=512.14963pt
* \textheight=731.23584pt
* \oddsidemargin=-29.59087pt
* \evensidemargin=-29.59087pt
* \topmargin=-52.36449pt
* \headheight=12.0pt
* \headsep=25.0pt
* \topskip=11.0pt
* \footskip=30.0pt
* \marginparwidth=4.0pt
* \marginparsep=10.0pt
* \columnsep=34.14322pt
* \skip\footins=10.0pt plus 4.0pt minus 2.0pt
* \hoffset=0.0pt
* \voffset=0.0pt
* \mag=1000
* \@twocolumntrue
* \@twosidefalse
* \@mparswitchfalse
* \@reversemarginfalse
* (1in=72.27pt=25.4mm, 1cm=28.453pt)

ABD: EveryShipout initializing macros (./title.tex
<./Misc/logo.pdf, id=111, 1195.01462pt x 845.0471pt>
File: ./Misc/logo.pdf Graphic file (type pdf)
 <use ./Misc/logo.pdf>
Package pdftex.def Info: ./Misc/logo.pdf used on input line 5.
(pdftex.def)             Requested size: 384.11221pt x 271.61977pt.

<./Misc/arduino_logo.pdf, id=112, 579.6138pt x 393.22008pt>
File: ./Misc/arduino_logo.pdf Graphic file (type pdf)

<use ./Misc/arduino_logo.pdf>
Package pdftex.def Info: ./Misc/arduino_logo.pdf used on input line 15.
(pdftex.def)             Requested size: 128.0374pt x 86.86269pt.
 [1


{/var/lib/texmf/fonts/map/pdftex/updmap/pdftex.map} <./Misc/logo.pdf> <./Misc/a
rduino_logo.pdf>]) (./ArduinoGuide.toc
LaTeX Font Info:    Try loading font information for U+msa on input line 3.

(/usr/share/texlive/texmf-dist/tex/latex/amsfonts/umsa.fd
File: umsa.fd 2013/01/14 v3.01 AMS symbols A
)
LaTeX Font Info:    Try loading font information for U+msb on input line 3.

(/usr/share/texlive/texmf-dist/tex/latex/amsfonts/umsb.fd
File: umsb.fd 2013/01/14 v3.01 AMS symbols B
))
\tf@toc=\write5
\openout5 = `ArduinoGuide.toc'.

pdfTeX warning (ext4): destination with the same identifier (name{page.1}) has 
been already used, duplicate ignored
<to be read again> 
                   \relax 
l.37 \tableofcontents
                      [1



] (./Chapter1/Chapter1.tex
(./Chapter1/./Tex/introduction.tex
Chapter 1.

Underfull \hbox (badness 1681) in paragraph at lines 28--29
\OT1/cmr/m/n/10.95 each shield has it's own quirks and gotchas
 []


Underfull \hbox (badness 1092) in paragraph at lines 28--29
\OT1/cmr/m/n/10.95 that only dis-tract you from learn-ing the ba-
 []


Underfull \vbox (badness 5175) has occurred while \output is active []


<Chapter1/./Graphics/usb_connection.jpg, id=186, 1035.87pt x 583.17876pt>
File: Chapter1/./Graphics/usb_connection.jpg Graphic file (type jpg)

<use Chapter1/./Graphics/usb_connection.jpg>
Package pdftex.def Info: Chapter1/./Graphics/usb_connection.jpg used on input l
ine 46.
(pdftex.def)             Requested size: 204.85672pt x 115.32559pt.

<Chapter1/./Graphics/arduino_icon.png, id=187, 56.46094pt x 69.25874pt>
File: Chapter1/./Graphics/arduino_icon.png Graphic file (type png)

<use Chapter1/./Graphics/arduino_icon.png>
Package pdftex.def Info: Chapter1/./Graphics/arduino_icon.png used on input lin
e 54.
(pdftex.def)             Requested size: 56.46078pt x 69.25856pt.

<Chapter1/./Graphics/ide_start.png, id=189, 401.24907pt x 471.26062pt>
File: Chapter1/./Graphics/ide_start.png Graphic file (type png)

<use Chapter1/./Graphics/ide_start.png>
Package pdftex.def Info: Chapter1/./Graphics/ide_start.png used on input line 6
0.
(pdftex.def)             Requested size: 204.85672pt x 240.6058pt.
 [2


 <./Chapter1/./Graphics/usb_connection.jpg> <./Chapter1/./Graphics/arduino_icon
.png>]
<Chapter1/./Graphics/ide_blink.png, id=195, 436.63126pt x 475.7775pt>
File: Chapter1/./Graphics/ide_blink.png Graphic file (type png)

<use Chapter1/./Graphics/ide_blink.png>
Package pdftex.def Info: Chapter1/./Graphics/ide_blink.png used on input line 7
2.
(pdftex.def)             Requested size: 204.85672pt x 223.22342pt.

<Chapter1/./Graphics/ide_upload.png, id=196, 519.9425pt x 627.34375pt>
File: Chapter1/./Graphics/ide_upload.png Graphic file (type png)

<use Chapter1/./Graphics/ide_upload.png>
Package pdftex.def Info: Chapter1/./Graphics/ide_upload.png used on input line 
86.
(pdftex.def)             Requested size: 204.85672pt x 247.17107pt.

Underfull \vbox (badness 6859) has occurred while \output is active []


<Chapter1/./Graphics/arduino.pdf, id=197, 213.16832pt x 170.236pt>
File: Chapter1/./Graphics/arduino.pdf Graphic file (type pdf)

<use Chapter1/./Graphics/arduino.pdf>
Package pdftex.def Info: Chapter1/./Graphics/arduino.pdf used on input line 95.

(pdftex.def)             Requested size: 204.85672pt x 163.6065pt.
 [3 <./Chapter1/./Graphics/ide_start.png> <./Chapter1/./Graphics/ide_blink.png>
 <./Chapter1/./Graphics/ide_upload.png> <./Chapter1/./Graphics/arduino.pdf>] (.
/Chapter1/./Src/blink.src)
(./Chapter1/./Src/blink.src
LaTeX Font Info:    Font shape `OT1/cmtt/bx/n' in size <10.95> not available
(Font)              Font shape `OT1/cmtt/m/n' tried instead on input line 4.
) (./Chapter1/./Src/blink.src))
(./Chapter1/./Tex/digital_output.tex
<Chapter1/./Graphics/breadboard.jpg, id=209, 301.125pt x 200.75pt>
File: Chapter1/./Graphics/breadboard.jpg Graphic file (type jpg)

<use Chapter1/./Graphics/breadboard.jpg>
Package pdftex.def Info: Chapter1/./Graphics/breadboard.jpg used on input line 
19.
(pdftex.def)             Requested size: 102.42836pt x 68.28471pt.

<Chapter1/./Graphics/150_resistor.jpg, id=210, 301.125pt x 200.75pt>
File: Chapter1/./Graphics/150_resistor.jpg Graphic file (type jpg)

<use Chapter1/./Graphics/150_resistor.jpg>
Package pdftex.def Info: Chapter1/./Graphics/150_resistor.jpg used on input lin
e 25.
(pdftex.def)             Requested size: 102.42836pt x 68.28471pt.

<Chapter1/./Graphics/red_led.jpg, id=211, 301.125pt x 200.75pt>
File: Chapter1/./Graphics/red_led.jpg Graphic file (type jpg)

<use Chapter1/./Graphics/red_led.jpg>
Package pdftex.def Info: Chapter1/./Graphics/red_led.jpg used on input line 27.

(pdftex.def)             Requested size: 102.42836pt x 68.28471pt.

<Chapter1/./Graphics/jumper_cables.jpg, id=212, 301.125pt x 200.75pt>
File: Chapter1/./Graphics/jumper_cables.jpg Graphic file (type jpg)

<use Chapter1/./Graphics/jumper_cables.jpg>
Package pdftex.def Info: Chapter1/./Graphics/jumper_cables.jpg used on input li
ne 29.
(pdftex.def)             Requested size: 102.42836pt x 68.28471pt.

<Chapter1/./Graphics/PinSource.pdf, id=213, 234.8772pt x 290.88734pt>
File: Chapter1/./Graphics/PinSource.pdf Graphic file (type pdf)

<use Chapter1/./Graphics/PinSource.pdf>
Package pdftex.def Info: Chapter1/./Graphics/PinSource.pdf used on input line 4
5.
(pdftex.def)             Requested size: 204.85672pt x 253.70909pt.
 [4 <./Chapter1/./Graphics/breadboard.jpg> <./Chapter1/./Graphics/150_resistor.
jpg> <./Chapter1/./Graphics/red_led.jpg> <./Chapter1/./Graphics/jumper_cables.j
pg>]
<Chapter1/./Graphics/ledOn13.pdf, id=234, 597.23125pt x 845.1575pt>
File: Chapter1/./Graphics/ledOn13.pdf Graphic file (type pdf)

<use Chapter1/./Graphics/ledOn13.pdf>
Package pdftex.def Info: Chapter1/./Graphics/ledOn13.pdf used on input line 70.

(pdftex.def)             Requested size: 102.42836pt x 144.93869pt.

<Chapter1/./Graphics/ledOff13.pdf, id=235, 597.23125pt x 845.1575pt>
File: Chapter1/./Graphics/ledOff13.pdf Graphic file (type pdf)

<use Chapter1/./Graphics/ledOff13.pdf>
Package pdftex.def Info: Chapter1/./Graphics/ledOff13.pdf used on input line 71
.
(pdftex.def)             Requested size: 102.42836pt x 144.93869pt.

<Chapter1/./Graphics/PinSink.pdf, id=236, 235.27838pt x 328.62708pt>
File: Chapter1/./Graphics/PinSink.pdf Graphic file (type pdf)

<use Chapter1/./Graphics/PinSink.pdf>
Package pdftex.def Info: Chapter1/./Graphics/PinSink.pdf used on input line 86.

(pdftex.def)             Requested size: 204.85672pt x 286.14894pt.

<Chapter1/./Graphics/ledOn13Rev.pdf, id=237, 157.58875pt x 149.55875pt>
File: Chapter1/./Graphics/ledOn13Rev.pdf Graphic file (type pdf)

<use Chapter1/./Graphics/ledOn13Rev.pdf>
Package pdftex.def Info: Chapter1/./Graphics/ledOn13Rev.pdf used on input line 
96.
(pdftex.def)             Requested size: 102.42836pt x 97.20975pt.

<Chapter1/./Graphics/ledOff13Rev.pdf, id=238, 157.58875pt x 149.55875pt>
File: Chapter1/./Graphics/ledOff13Rev.pdf Graphic file (type pdf)

<use Chapter1/./Graphics/ledOff13Rev.pdf>
Package pdftex.def Info: Chapter1/./Graphics/ledOff13Rev.pdf used on input line
 97.
(pdftex.def)             Requested size: 102.42836pt x 97.20975pt.
 [5 <./Chapter1/./Graphics/PinSource.pdf> <./Chapter1/./Graphics/ledOn13.pdf> <
./Chapter1/./Graphics/ledOff13.pdf> <./Chapter1/./Graphics/PinSink.pdf

pdfTeX warning: pdflatex (file ./Chapter1/./Graphics/PinSink.pdf): PDF inclusio
n: multiple pdfs with page group included in a single page
> <./Chapter1/./Graphics/ledOn13Rev.pdf> <./Chapter1/./Graphics/ledOff13Rev.pdf
>] (./Chapter1/./Src/blink.src)
<Chapter1/./Graphics/uploading.pdf, id=1452, 145.343pt x 35.85309pt>
File: Chapter1/./Graphics/uploading.pdf Graphic file (type pdf)

<use Chapter1/./Graphics/uploading.pdf>
Package pdftex.def Info: Chapter1/./Graphics/uploading.pdf used on input line 1
61.
(pdftex.def)             Requested size: 204.85672pt x 50.5386pt.

<Chapter1/./Graphics/arduino_label.pdf, id=1453, 346.39368pt x 202.25862pt>
File: Chapter1/./Graphics/arduino_label.pdf Graphic file (type pdf)

<use Chapter1/./Graphics/arduino_label.pdf>
Package pdftex.def Info: Chapter1/./Graphics/arduino_label.pdf used on input li
ne 192.
(pdftex.def)             Requested size: 204.85672pt x 119.61548pt.
 [6 <./Chapter1/./Graphics/uploading.pdf>]
<Chapter1/./Graphics/breadboard_wiring.pdf, id=1487, 234.8775pt x 126.4725pt>
File: Chapter1/./Graphics/breadboard_wiring.pdf Graphic file (type pdf)

<use Chapter1/./Graphics/breadboard_wiring.pdf>
Package pdftex.def Info: Chapter1/./Graphics/breadboard_wiring.pdf used on inpu
t line 251.
(pdftex.def)             Requested size: 204.85672pt x 110.30806pt.
 [7 <./Chapter1/./Graphics/arduino_label.pdf> <./Chapter1/./Graphics/breadboard
_wiring.pdf

pdfTeX warning: pdflatex (file ./Chapter1/./Graphics/breadboard_wiring.pdf): PD
F inclusion: multiple pdfs with page group included in a single page
>]
<Chapter1/./Graphics/4-Band_Resistor.pdf, id=1539, 483.8075pt x 348.02914pt>
File: Chapter1/./Graphics/4-Band_Resistor.pdf Graphic file (type pdf)

<use Chapter1/./Graphics/4-Band_Resistor.pdf>
Package pdftex.def Info: Chapter1/./Graphics/4-Band_Resistor.pdf used on input 
line 278.
(pdftex.def)             Requested size: 204.85672pt x 147.36609pt.

<Chapter1/./Graphics/Resistor_Characteristic.pdf, id=1540, 282.19714pt x 161.74
713pt>
File: Chapter1/./Graphics/Resistor_Characteristic.pdf Graphic file (type pdf)
 <use Chapter1/./Graphics/Resistor_Characteristic.pdf>
Package pdftex.def Info: Chapter1/./Graphics/Resistor_Characteristic.pdf used o
n input line 292.
(pdftex.def)             Requested size: 204.85672pt x 117.42036pt.

<Chapter1/./Graphics/resistorSymbol.pdf, id=1541, 48.18pt x 8.38132pt>
File: Chapter1/./Graphics/resistorSymbol.pdf Graphic file (type pdf)

<use Chapter1/./Graphics/resistorSymbol.pdf>
Package pdftex.def Info: Chapter1/./Graphics/resistorSymbol.pdf used on input l
ine 300.
(pdftex.def)             Requested size: 102.42836pt x 17.81828pt.
LaTeX Font Info:    Try loading font information for OMS+cmr on input line 310.

LaTeX Font Info:    No file OMScmr.fd. on input line 310.


LaTeX Font Warning: Font shape `OMS/cmr/m/n' undefined
(Font)              using `OMS/cmsy/m/n' instead
(Font)              for symbol `textbullet' on input line 310.


<Chapter1/./Graphics/LED_Characteristic.pdf, id=1542, 282.19714pt x 161.74713pt
>
File: Chapter1/./Graphics/LED_Characteristic.pdf Graphic file (type pdf)
 <use Chapter1/./Graphics/LED_Characteristic.pdf>
Package pdftex.def Info: Chapter1/./Graphics/LED_Characteristic.pdf used on inp
ut line 322.
(pdftex.def)             Requested size: 204.85672pt x 117.42036pt.

<Chapter1/./Graphics/led_pins.pdf, id=1543, 127.89412pt x 95.2534pt>
File: Chapter1/./Graphics/led_pins.pdf Graphic file (type pdf)

<use Chapter1/./Graphics/led_pins.pdf>
Package pdftex.def Info: Chapter1/./Graphics/led_pins.pdf used on input line 33
0.
(pdftex.def)             Requested size: 204.85672pt x 152.5771pt.
) (./Chapter1/./Tex/digital_input.tex
[8 <./Chapter1/./Graphics/4-Band_Resistor.pdf> <./Chapter1/./Graphics/Resistor_
Characteristic.pdf

pdfTeX warning: pdflatex (file ./Chapter1/./Graphics/Resistor_Characteristic.pd
f): PDF inclusion: multiple pdfs with page group included in a single page
> <./Chapter1/./Graphics/resistorSymbol.pdf

pdfTeX warning: pdflatex (file ./Chapter1/./Graphics/resistorSymbol.pdf): PDF i
nclusion: multiple pdfs with page group included in a single page
> <./Chapter1/./Graphics/LED_Characteristic.pdf

pdfTeX warning: pdflatex (file ./Chapter1/./Graphics/LED_Characteristic.pdf): P
DF inclusion: multiple pdfs with page group included in a single page
> <./Chapter1/./Graphics/led_pins.pdf

pdfTeX warning: pdflatex (file ./Chapter1/./Graphics/led_pins.pdf): PDF inclusi
on: multiple pdfs with page group included in a single page
>]
File: Chapter1/./Graphics/breadboard.jpg Graphic file (type jpg)
 <use Chapter1/./Graphics/breadboard.jpg>
Package pdftex.def Info: Chapter1/./Graphics/breadboard.jpg used on input line 
18.
(pdftex.def)             Requested size: 102.42836pt x 68.28471pt.

<Chapter1/./Graphics/12k_resistor.jpg, id=1613, 301.125pt x 200.75pt>
File: Chapter1/./Graphics/12k_resistor.jpg Graphic file (type jpg)

<use Chapter1/./Graphics/12k_resistor.jpg>
Package pdftex.def Info: Chapter1/./Graphics/12k_resistor.jpg used on input lin
e 24.
(pdftex.def)             Requested size: 102.42836pt x 68.28471pt.

<Chapter1/./Graphics/push_button.jpg, id=1614, 301.125pt x 200.75pt>
File: Chapter1/./Graphics/push_button.jpg Graphic file (type jpg)

<use Chapter1/./Graphics/push_button.jpg>
Package pdftex.def Info: Chapter1/./Graphics/push_button.jpg used on input line
 26.
(pdftex.def)             Requested size: 102.42836pt x 68.28471pt.
File: Chapter1/./Graphics/jumper_cables.jpg Graphic file (type jpg)

<use Chapter1/./Graphics/jumper_cables.jpg>
Package pdftex.def Info: Chapter1/./Graphics/jumper_cables.jpg used on input li
ne 28.
(pdftex.def)             Requested size: 102.42836pt x 68.28471pt.

<Chapter1/./Graphics/PullUp.pdf, id=1615, 256.09772pt x 343.18135pt>
File: Chapter1/./Graphics/PullUp.pdf Graphic file (type pdf)

<use Chapter1/./Graphics/PullUp.pdf>
Package pdftex.def Info: Chapter1/./Graphics/PullUp.pdf used on input line 38.
(pdftex.def)             Requested size: 204.85672pt x 274.51926pt.

Underfull \vbox (badness 10000) has occurred while \output is active []


<Chapter1/./Graphics/PullUpCircuit.pdf, id=1616, 176.66pt x 125.46875pt>
File: Chapter1/./Graphics/PullUpCircuit.pdf Graphic file (type pdf)

<use Chapter1/./Graphics/PullUpCircuit.pdf>
Package pdftex.def Info: Chapter1/./Graphics/PullUpCircuit.pdf used on input li
ne 46.
(pdftex.def)             Requested size: 153.64644pt x 109.12437pt.

<Chapter1/./Graphics/PullDown.pdf, id=1617, 255.91896pt x 343.1812pt>
File: Chapter1/./Graphics/PullDown.pdf Graphic file (type pdf)

<use Chapter1/./Graphics/PullDown.pdf>
Package pdftex.def Info: Chapter1/./Graphics/PullDown.pdf used on input line 56
.
(pdftex.def)             Requested size: 204.85672pt x 274.71812pt.

Underfull \vbox (badness 10000) has occurred while \output is active []

 [9 <./Chapter1/./Graphics/12k_resistor.jpg> <./Chapter1/./Graphics/push_button
.jpg> <./Chapter1/./Graphics/PullUp.pdf> <./Chapter1/./Graphics/PullUpCircuit.p
df>]
<Chapter1/./Graphics/PullDownCircuit.pdf, id=2190, 176.66pt x 125.46875pt>
File: Chapter1/./Graphics/PullDownCircuit.pdf Graphic file (type pdf)

<use Chapter1/./Graphics/PullDownCircuit.pdf>
Package pdftex.def Info: Chapter1/./Graphics/PullDownCircuit.pdf used on input 
line 60.
(pdftex.def)             Requested size: 153.64644pt x 109.12437pt.

<Chapter1/./Graphics/tristate.pdf, id=2191, 253.37848pt x 54.54193pt>
File: Chapter1/./Graphics/tristate.pdf Graphic file (type pdf)

<use Chapter1/./Graphics/tristate.pdf>
Package pdftex.def Info: Chapter1/./Graphics/tristate.pdf used on input line 79
.
(pdftex.def)             Requested size: 204.85672pt x 44.09715pt.

Underfull \vbox (badness 1521) has occurred while \output is active []


(./Chapter1/./Src/serial.src)
<Chapter1/./Graphics/pull_down_internal.pdf, id=2192, 248.47726pt x 343.18135pt
>
File: Chapter1/./Graphics/pull_down_internal.pdf Graphic file (type pdf)
 <use Chapter1/./Graphics/pull_down_internal.pdf>
Package pdftex.def Info: Chapter1/./Graphics/pull_down_internal.pdf used on inp
ut line 100.
(pdftex.def)             Requested size: 204.85672pt x 282.93958pt.

Underfull \vbox (badness 10000) has occurred while \output is active []

 [10 <./Chapter1/./Graphics/PullDown.pdf> <./Chapter1/./Graphics/PullDownCircui
t.pdf> <./Chapter1/./Graphics/tristate.pdf

pdfTeX warning: pdflatex (file ./Chapter1/./Graphics/tristate.pdf): PDF inclusi
on: multiple pdfs with page group included in a single page
>] <Chapter1/./Graphics/InternalPullUp.pdf, id=2791, 164.615pt x 114.4275pt>
File: Chapter1/./Graphics/InternalPullUp.pdf Graphic file (type pdf)

<use Chapter1/./Graphics/InternalPullUp.pdf>
Package pdftex.def Info: Chapter1/./Graphics/InternalPullUp.pdf used on input l
ine 106.
(pdftex.def)             Requested size: 153.64644pt x 106.80583pt.
 (./Chapter1/./Src/serial2.src)
<Chapter1/./Graphics/push_button_internal.pdf, id=2792, 240.9pt x 160.6pt>
File: Chapter1/./Graphics/push_button_internal.pdf Graphic file (type pdf)

<use Chapter1/./Graphics/push_button_internal.pdf>
Package pdftex.def Info: Chapter1/./Graphics/push_button_internal.pdf used on i
nput line 116.
(pdftex.def)             Requested size: 102.42836pt x 68.28471pt.
)
(./Chapter1/./Tex/analogue_output.tex
File: Chapter1/./Graphics/breadboard.jpg Graphic file (type jpg)
 <use Chapter1/./Graphics/breadboard.jpg>
Package pdftex.def Info: Chapter1/./Graphics/breadboard.jpg used on input line 
6.
(pdftex.def)             Requested size: 102.42836pt x 68.28471pt.
File: Chapter1/./Graphics/150_resistor.jpg Graphic file (type jpg)

<use Chapter1/./Graphics/150_resistor.jpg>
Package pdftex.def Info: Chapter1/./Graphics/150_resistor.jpg used on input lin
e 12.
(pdftex.def)             Requested size: 102.42836pt x 68.28471pt.

<Chapter1/./Graphics/rgb_led.jpg, id=2793, 301.125pt x 200.75pt>
File: Chapter1/./Graphics/rgb_led.jpg Graphic file (type jpg)

<use Chapter1/./Graphics/rgb_led.jpg>
Package pdftex.def Info: Chapter1/./Graphics/rgb_led.jpg used on input line 14.

(pdftex.def)             Requested size: 102.42836pt x 68.28471pt.
File: Chapter1/./Graphics/jumper_cables.jpg Graphic file (type jpg)

<use Chapter1/./Graphics/jumper_cables.jpg>
Package pdftex.def Info: Chapter1/./Graphics/jumper_cables.jpg used on input li
ne 16.
(pdftex.def)             Requested size: 102.42836pt x 68.28471pt.

<Chapter1/./Graphics/rgb_led_circuit.pdf, id=2794, 234.8775pt x 328.3758pt>
File: Chapter1/./Graphics/rgb_led_circuit.pdf Graphic file (type pdf)

<use Chapter1/./Graphics/rgb_led_circuit.pdf>
Package pdftex.def Info: Chapter1/./Graphics/rgb_led_circuit.pdf used on input 
line 22.
(pdftex.def)             Requested size: 204.85672pt x 286.40614pt.

Underfull \vbox (badness 10000) has occurred while \output is active []

 [11 <./Chapter1/./Graphics/pull_down_internal.pdf> <./Chapter1/./Graphics/Inte
rnalPullUp.pdf> <./Chapter1/./Graphics/push_button_internal.pdf

pdfTeX warning: pdflatex (file ./Chapter1/./Graphics/push_button_internal.pdf):
 PDF inclusion: multiple pdfs with page group included in a single page
> <./Chapter1/./Graphics/rgb_led.jpg>]
<Chapter1/./Graphics/rgb_internals.pdf, id=3347, 92.93396pt x 249.99425pt>
File: Chapter1/./Graphics/rgb_internals.pdf Graphic file (type pdf)

<use Chapter1/./Graphics/rgb_internals.pdf>
Package pdftex.def Info: Chapter1/./Graphics/rgb_internals.pdf used on input li
ne 30.
(pdftex.def)             Requested size: 38.07622pt x 102.42836pt.

<Chapter1/./Graphics/pwd_mid.pdf, id=3348, 565.11694pt x 422.68893pt>
File: Chapter1/./Graphics/pwd_mid.pdf Graphic file (type pdf)

<use Chapter1/./Graphics/pwd_mid.pdf>
Package pdftex.def Info: Chapter1/./Graphics/pwd_mid.pdf used on input line 39.

(pdftex.def)             Requested size: 273.88306pt x 204.85672pt.

Overfull \hbox (34.87985pt too wide) in paragraph at lines 39--40
 [] 
 []


Underfull \vbox (badness 10000) has occurred while \output is active []


(./Chapter1/./Src/rgb.src
Overfull \hbox (1.29187pt too wide) in paragraph at lines 11--12
[][][][][][][][][][][][][][][][][][][] 
 []


Overfull \hbox (7.04056pt too wide) in paragraph at lines 12--13
[][][][][][][][][][][][][][][][][][][] 
 []

)) (./Chapter1/./Tex/analogue_input.tex
File: Chapter1/./Graphics/breadboard.jpg Graphic file (type jpg)

<use Chapter1/./Graphics/breadboard.jpg>
Package pdftex.def Info: Chapter1/./Graphics/breadboard.jpg used on input line 
12.
(pdftex.def)             Requested size: 102.42836pt x 68.28471pt.
File: Chapter1/./Graphics/12k_resistor.jpg Graphic file (type jpg)

<use Chapter1/./Graphics/12k_resistor.jpg>
Package pdftex.def Info: Chapter1/./Graphics/12k_resistor.jpg used on input lin
e 18.
(pdftex.def)             Requested size: 102.42836pt x 68.28471pt.

<Chapter1/./Graphics/piezo.jpg, id=3349, 301.125pt x 200.75pt>
File: Chapter1/./Graphics/piezo.jpg Graphic file (type jpg)

<use Chapter1/./Graphics/piezo.jpg>
Package pdftex.def Info: Chapter1/./Graphics/piezo.jpg used on input line 20.
(pdftex.def)             Requested size: 102.42836pt x 68.28471pt.

<Chapter1/./Graphics/pot.jpg, id=3350, 301.125pt x 200.75pt>
File: Chapter1/./Graphics/pot.jpg Graphic file (type jpg)

<use Chapter1/./Graphics/pot.jpg>
Package pdftex.def Info: Chapter1/./Graphics/pot.jpg used on input line 22.
(pdftex.def)             Requested size: 102.42836pt x 68.28471pt.
File: Chapter1/./Graphics/jumper_cables.jpg Graphic file (type jpg)
 <use Chapter1/./Graphics/jumper_cables.jpg>
Package pdftex.def Info: Chapter1/./Graphics/jumper_cables.jpg used on input li
ne 24.
(pdftex.def)             Requested size: 102.42836pt x 68.28471pt.

[12 <./Chapter1/./Graphics/rgb_led_circuit.pdf> <./Chapter1/./Graphics/rgb_inte
rnals.pdf

pdfTeX warning: pdflatex (file ./Chapter1/./Graphics/rgb_internals.pdf): PDF in
clusion: multiple pdfs with page group included in a single page
> <./Chapter1/./Graphics/pwd_mid.pdf

pdfTeX warning: pdflatex (file ./Chapter1/./Graphics/pwd_mid.pdf): PDF inclusio
n: multiple pdfs with page group included in a single page
>] <Chapter1/./Graphics/piezo_circuit.pdf, id=4046, 302.017pt x 314.12672pt>
File: Chapter1/./Graphics/piezo_circuit.pdf Graphic file (type pdf)

<use Chapter1/./Graphics/piezo_circuit.pdf>
Package pdftex.def Info: Chapter1/./Graphics/piezo_circuit.pdf used on input li
ne 30.
(pdftex.def)             Requested size: 204.85672pt x 213.0665pt.

<Chapter1/./Graphics/PotCircuit.pdf, id=4047, 152.57pt x 146.5475pt>
File: Chapter1/./Graphics/PotCircuit.pdf Graphic file (type pdf)

<use Chapter1/./Graphics/PotCircuit.pdf>
Package pdftex.def Info: Chapter1/./Graphics/PotCircuit.pdf used on input line 
38.
(pdftex.def)             Requested size: 102.42836pt x 98.38754pt.

<Chapter1/./Graphics/PotEquivCircuit.pdf, id=4048, 152.57pt x 146.5475pt>
File: Chapter1/./Graphics/PotEquivCircuit.pdf Graphic file (type pdf)

<use Chapter1/./Graphics/PotEquivCircuit.pdf>
Package pdftex.def Info: Chapter1/./Graphics/PotEquivCircuit.pdf used on input 
line 39.
(pdftex.def)             Requested size: 102.42836pt x 98.38754pt.

<Chapter1/./Graphics/pot_internal.pdf, id=4049, 240.9pt x 160.6pt>
File: Chapter1/./Graphics/pot_internal.pdf Graphic file (type pdf)

<use Chapter1/./Graphics/pot_internal.pdf>
Package pdftex.def Info: Chapter1/./Graphics/pot_internal.pdf used on input lin
e 48.
(pdftex.def)             Requested size: 102.42836pt x 68.28471pt.
 (./Chapter1/./Src/piezo.src)))
(./Appendix/Appendix.tex (./Appendix/./Tex/Physics.tex [13 <./Chapter1/./Graphi
cs/piezo.jpg> <./Chapter1/./Graphics/pot.jpg> <./Chapter1/./Graphics/piezo_circ
uit.pdf> <./Chapter1/./Graphics/PotCircuit.pdf> <./Chapter1/./Graphics/PotEquiv
Circuit.pdf> <./Chapter1/./Graphics/pot_internal.pdf

pdfTeX warning: pdflatex (file ./Chapter1/./Graphics/pot_internal.pdf): PDF inc
lusion: multiple pdfs with page group included in a single page
>]
Appendix A.

Overfull \hbox (227.1801pt too wide) in paragraph at lines 62--63
[][][][][][][] 
 []

) (./Appendix/./Tex/CircuitSymbols [14

]
Appendix B.
[15


]) (./Appendix/./Tex/SourceCode
Appendix C.
File: Appendix/../Chapter1/Src/blink.src  (verbatim)
File: Appendix/../Chapter1/Src/serial.src  (verbatim)
File: Appendix/../Chapter1/Src/serial2.src  (verbatim)
[16


]
File: Appendix/../Chapter1/Src/rgb.src  (verbatim)
File: Appendix/../Chapter1/Src/piezo.src  (verbatim)
 [17])) [18]
Package atveryend Info: Empty hook `BeforeClearDocument' on input line 41.
Package atveryend Info: Empty hook `AfterLastShipout' on input line 41.
 (./ArduinoGuide.aux)
Package atveryend Info: Executing hook `AtVeryEndDocument' on input line 41.
Package atveryend Info: Executing hook `AtEndAfterFileList' on input line 41.
Package rerunfilecheck Info: File `ArduinoGuide.out' has not changed.
(rerunfilecheck)             Checksum: F6A5F78A04E17B77A9E31EBA17E30E5E;1636.


LaTeX Font Warning: Some font shapes were not available, defaults substituted.

Package atveryend Info: Empty hook `AtVeryVeryEnd' on input line 41.
 ) 
Here is how much of TeX's memory you used:
 25331 strings out of 493105
 520480 string characters out of 6137072
 639580 words of memory out of 5000000
 28136 multiletter control sequences out of 15000+600000
 12134 words of font info for 45 fonts, out of 8000000 for 9000
 1141 hyphenation exceptions out of 8191
 62i,11n,59p,434b,1073s stack positions out of 5000i,500n,10000p,200000b,80000s
</usr/share/texlive/texmf-dist/fonts/type1/public/amsfonts/cm/cmbx10.pfb></us
r/share/texlive/texmf-dist/fonts/type1/public/amsfonts/cm/cmbx12.pfb></usr/shar
e/texlive/texmf-dist/fonts/type1/public/amsfonts/cm/cmcsc10.pfb></usr/share/tex
live/texmf-dist/fonts/type1/public/amsfonts/cm/cmmi10.pfb></usr/share/texlive/t
exmf-dist/fonts/type1/public/amsfonts/cm/cmmi8.pfb></usr/share/texlive/texmf-di
st/fonts/type1/public/amsfonts/cm/cmr10.pfb></usr/share/texlive/texmf-dist/font
s/type1/public/amsfonts/cm/cmr12.pfb></usr/share/texlive/texmf-dist/fonts/type1
/public/amsfonts/cm/cmsy10.pfb></usr/share/texlive/texmf-dist/fonts/type1/publi
c/amsfonts/cm/cmti10.pfb></usr/share/texlive/texmf-dist/fonts/type1/public/amsf
onts/cm/cmtt10.pfb></usr/share/texlive/texmf-dist/fonts/type1/urw/ncntrsbk/uncr
8a.pfb>
Output written on ArduinoGuide.pdf (19 pages, 2601907 bytes).
PDF statistics:
 4698 PDF objects out of 5155 (max. 8388607)
 2840 compressed objects within 29 object streams
 156 named destinations out of 1000 (max. 500000)
 451 words of extra memory for PDF output out of 10000 (max. 10000000)

